0 info it worked if it ends with ok
1 verbose cli [ '/usr/local/bin/node', '/usr/local/bin/npm', 'run', 'bff' ]
2 info using npm@4.0.5
3 info using node@v7.3.0
4 verbose run-script [ 'prebff', 'bff', 'postbff' ]
5 info lifecycle react-redux-blog@0.1.0~prebff: react-redux-blog@0.1.0
6 silly lifecycle react-redux-blog@0.1.0~prebff: no script for prebff, continuing
7 info lifecycle react-redux-blog@0.1.0~bff: react-redux-blog@0.1.0
8 verbose lifecycle react-redux-blog@0.1.0~bff: unsafe-perm in lifecycle true
9 verbose lifecycle react-redux-blog@0.1.0~bff: PATH: /usr/local/lib/node_modules/npm/bin/node-gyp-bin:/Users/brodriguez/projects/react-redux-blog/node_modules/.bin:/opt/local/bin:/opt/local/sbin:/Users/brodriguez/.rvm/gems/ruby-2.3.0/bin:/Users/brodriguez/.rvm/gems/ruby-2.3.0@global/bin:/Users/brodriguez/.rvm/rubies/ruby-2.3.0/bin:/usr/local/bin:/usr/bin:/bin:/usr/sbin:/sbin:/Users/brodriguez/.rvm/bin:/Users/brodriguez/.rvm/bin
10 verbose lifecycle react-redux-blog@0.1.0~bff: CWD: /Users/brodriguez/projects/react-redux-blog
11 silly lifecycle react-redux-blog@0.1.0~bff: Args: [ '-c', 'node ./build/server/index.js' ]
12 silly lifecycle react-redux-blog@0.1.0~bff: Returned: code: 1  signal: null
13 info lifecycle react-redux-blog@0.1.0~bff: Failed to exec bff script
14 verbose stack Error: react-redux-blog@0.1.0 bff: `node ./build/server/index.js`
14 verbose stack Exit status 1
14 verbose stack     at EventEmitter.<anonymous> (/usr/local/lib/node_modules/npm/lib/utils/lifecycle.js:279:16)
14 verbose stack     at emitTwo (events.js:106:13)
14 verbose stack     at EventEmitter.emit (events.js:191:7)
14 verbose stack     at ChildProcess.<anonymous> (/usr/local/lib/node_modules/npm/lib/utils/spawn.js:40:14)
14 verbose stack     at emitTwo (events.js:106:13)
14 verbose stack     at ChildProcess.emit (events.js:191:7)
14 verbose stack     at maybeClose (internal/child_process.js:885:16)
14 verbose stack     at Process.ChildProcess._handle.onexit (internal/child_process.js:226:5)
15 verbose pkgid react-redux-blog@0.1.0
16 verbose cwd /Users/brodriguez/projects/react-redux-blog
17 error Darwin 14.5.0
18 error argv "/usr/local/bin/node" "/usr/local/bin/npm" "run" "bff"
19 error node v7.3.0
20 error npm  v4.0.5
21 error code ELIFECYCLE
22 error react-redux-blog@0.1.0 bff: `node ./build/server/index.js`
22 error Exit status 1
23 error Failed at the react-redux-blog@0.1.0 bff script 'node ./build/server/index.js'.
23 error Make sure you have the latest version of node.js and npm installed.
23 error If you do, this is most likely a problem with the react-redux-blog package,
23 error not with npm itself.
23 error Tell the author that this fails on your system:
23 error     node ./build/server/index.js
23 error You can get information on how to open an issue for this project with:
23 error     npm bugs react-redux-blog
23 error Or if that isn't available, you can get their info via:
23 error     npm owner ls react-redux-blog
23 error There is likely additional logging output above.
24 verbose exit [ 1, true ]
